[2025-12-25 23:00:53,303] INFO TuniMaqam app started
[2025-12-25 23:01:05,752] INFO TuniMaqam app started
[2025-12-25 23:01:06,411] INFO TuniMaqam app started[2025-12-28 13:45:37,636] INFO TuniMaqam app started
[2025-12-28 13:45:37,659] INFO TuniMaqam app started
[2025-12-28 13:45:37,659] INFO TuniMaqam app started
[2025-12-28 13:45:59,776] INFO TuniMaqam app started
[2025-12-28 13:46:01,572] INFO TuniMaqam app started
[2025-12-29 14:52:59,285] INFO TuniMaqam app started
[2025-12-29 14:52:59,322] INFO TuniMaqam app started
[2025-12-29 14:52:59,322] INFO TuniMaqam app started
[2025-12-29 14:53:28,486] INFO TuniMaqam app started
[2025-12-29 14:53:30,152] INFO TuniMaqam app started
[2025-12-30 15:55:36,730] INFO TuniMaqam app started
[2025-12-30 15:55:39,025] INFO TuniMaqam app started
[2025-12-30 22:43:32,405] INFO TuniMaqam app started
[2025-12-30 22:43:33,430] INFO TuniMaqam app started
[2025-12-31 23:02:54,805] INFO TuniMaqam app started
[2025-12-31 23:02:57,787] INFO TuniMaqam app started
[2025-12-31 23:05:14,429] INFO TuniMaqam app started
[2025-12-31 23:05:20,972] INFO TuniMaqam app started
[2025-12-31 23:05:29,658] INFO TuniMaqam app started
[2025-12-31 23:05:30,842] INFO TuniMaqam app started
[2025-12-31 23:16:14,652] INFO TuniMaqam app started
[2025-12-31 23:16:52,513] INFO TuniMaqam app started
[2025-12-31 23:17:06,924] INFO TuniMaqam app started
[2025-12-31 23:19:45,196] INFO TuniMaqam app started
[2025-12-31 23:19:46,678] INFO TuniMaqam app started
[2026-01-01 14:01:35,407] INFO TuniMaqam app started
[2026-01-01 14:04:57,684] INFO TuniMaqam app started
[2026-01-01 14:04:59,206] INFO TuniMaqam app started
[2026-01-01 22:45:04,582] INFO TuniMaqam app started
[2026-01-01 22:45:08,459] INFO TuniMaqam app started
[2026-01-02 11:38:24,751] INFO TuniMaqam app started
[2026-01-02 11:39:56,526] INFO TuniMaqam app started
[2026-01-02 11:39:59,242] INFO TuniMaqam app started
[2026-01-02 11:58:43,693] INFO TuniMaqam app started
[2026-01-02 12:23:05,283] INFO TuniMaqam app started
[2026-01-02 12:23:07,022] INFO TuniMaqam app started
[2026-01-02 12:43:53,490] INFO TuniMaqam app started
[2026-01-02 12:48:07,437] INFO TuniMaqam app started
[2026-01-02 12:48:09,233] INFO TuniMaqam app started
[2026-01-02 12:57:39,768] INFO TuniMaqam app started
[2026-01-02 12:58:00,517] INFO TuniMaqam app started
[2026-01-02 12:58:01,742] INFO TuniMaqam app started
[2026-01-02 13:11:22,324] INFO TuniMaqam app started
[2026-01-02 13:11:24,986] INFO TuniMaqam app started
[2026-01-02 15:20:46,284] INFO TuniMaqam app started
[2026-01-02 15:21:06,911] INFO TuniMaqam app started
[2026-01-02 15:21:19,568] INFO TuniMaqam app started
[2026-01-02 15:24:40,510] INFO TuniMaqam app started
[2026-01-02 15:24:40,527] INFO TuniMaqam app started
[2026-01-02 15:24:40,527] INFO TuniMaqam app started
[2026-01-02 15:24:49,364] INFO TuniMaqam app started
[2026-01-02 15:24:51,875] INFO TuniMaqam app started
[2026-01-02 15:28:31,033] INFO TuniMaqam app started
[2026-01-02 15:34:27,704] INFO TuniMaqam app started
[2026-01-02 15:35:44,735] INFO TuniMaqam app started
[2026-01-02 15:35:58,976] INFO TuniMaqam app started
[2026-01-02 15:36:15,195] INFO TuniMaqam app started
[2026-01-02 15:36:22,117] INFO TuniMaqam app started
[2026-01-02 15:37:22,113] INFO TuniMaqam app started
[2026-01-02 15:40:54,508] INFO TuniMaqam app started
[2026-01-02 15:41:09,047] INFO TuniMaqam app started
[2026-01-02 15:41:09,079] INFO TuniMaqam app started
[2026-01-02 15:41:09,079] INFO TuniMaqam app started
[2026-01-02 15:41:09,667] INFO TuniMaqam app started
[2026-01-02 15:41:09,667] INFO TuniMaqam app started
[2026-01-02 15:41:09,667] INFO TuniMaqam app started
[2026-01-02 15:41:09,866] INFO TuniMaqam app started
[2026-01-02 15:41:09,866] INFO TuniMaqam app started
[2026-01-02 15:41:09,866] INFO TuniMaqam app started
[2026-01-02 15:41:09,866] INFO TuniMaqam app started
[2026-01-02 15:41:21,079] INFO TuniMaqam app started
[2026-01-02 15:41:30,426] INFO TuniMaqam app started
[2026-01-02 15:41:30,455] INFO TuniMaqam app started
[2026-01-02 15:41:30,455] INFO TuniMaqam app started
[2026-01-02 15:41:30,725] INFO TuniMaqam app started
[2026-01-02 15:41:30,725] INFO TuniMaqam app started
[2026-01-02 15:41:30,725] INFO TuniMaqam app started
[2026-01-02 15:41:30,974] INFO TuniMaqam app started
[2026-01-02 15:41:30,974] INFO TuniMaqam app started
[2026-01-02 15:41:30,974] INFO TuniMaqam app started
[2026-01-02 15:41:30,974] INFO TuniMaqam app started
[2026-01-02 15:43:10,503] INFO TuniMaqam app started
[2026-01-02 15:43:59,302] INFO TuniMaqam app started
[2026-01-02 15:43:59,339] INFO TuniMaqam app started
[2026-01-02 15:43:59,339] INFO TuniMaqam app started
[2026-01-02 15:43:59,779] INFO TuniMaqam app started
[2026-01-02 15:43:59,779] INFO TuniMaqam app started
[2026-01-02 15:43:59,779] INFO TuniMaqam app started
[2026-01-02 15:44:00,080] INFO TuniMaqam app started
[2026-01-02 15:44:00,080] INFO TuniMaqam app started
[2026-01-02 15:44:00,080] INFO TuniMaqam app started
[2026-01-02 15:44:00,080] INFO TuniMaqam app started
[2026-01-02 15:44:00,422] INFO TuniMaqam app started
[2026-01-02 15:44:00,422] INFO TuniMaqam app started
[2026-01-02 15:44:00,422] INFO TuniMaqam app started
[2026-01-02 15:44:00,422] INFO TuniMaqam app started
[2026-01-02 15:44:00,422] INFO TuniMaqam app started
[2026-01-02 15:44:00,699] INFO TuniMaqam app started
[2026-01-02 15:44:00,699] INFO TuniMaqam app started
[2026-01-02 15:44:00,699] INFO TuniMaqam app started
[2026-01-02 15:44:00,699] INFO TuniMaqam app started
[2026-01-02 15:44:00,699] INFO TuniMaqam app started
[2026-01-02 15:44:00,699] INFO TuniMaqam app started
[2026-01-02 15:44:00,934] INFO TuniMaqam app started
[2026-01-02 15:44:00,934] INFO TuniMaqam app started
[2026-01-02 15:44:00,934] INFO TuniMaqam app started
[2026-01-02 15:44:00,934] INFO TuniMaqam app started
[2026-01-02 15:44:00,934] INFO TuniMaqam app started
[2026-01-02 15:44:00,934] INFO TuniMaqam app started
[2026-01-02 15:44:00,934] INFO TuniMaqam app started
[2026-01-02 15:44:10,836] INFO TuniMaqam app started
[2026-01-02 15:44:18,369] INFO TuniMaqam app started
[2026-01-02 15:44:18,404] INFO TuniMaqam app started
[2026-01-02 15:44:18,404] INFO TuniMaqam app started
[2026-01-02 15:44:18,691] INFO TuniMaqam app started
[2026-01-02 15:44:18,691] INFO TuniMaqam app started
[2026-01-02 15:44:18,691] INFO TuniMaqam app started
[2026-01-02 15:44:19,009] INFO TuniMaqam app started
[2026-01-02 15:44:19,009] INFO TuniMaqam app started
[2026-01-02 15:44:19,009] INFO TuniMaqam app started
[2026-01-02 15:44:19,009] INFO TuniMaqam app started
[2026-01-02 15:44:19,351] INFO TuniMaqam app started
[2026-01-02 15:44:19,351] INFO TuniMaqam app started
[2026-01-02 15:44:19,351] INFO TuniMaqam app started
[2026-01-02 15:44:19,351] INFO TuniMaqam app started
[2026-01-02 15:44:19,351] INFO TuniMaqam app started
[2026-01-02 15:44:19,640] INFO TuniMaqam app started
[2026-01-02 15:44:19,640] INFO TuniMaqam app started
[2026-01-02 15:44:19,640] INFO TuniMaqam app started
[2026-01-02 15:44:19,640] INFO TuniMaqam app started
[2026-01-02 15:44:19,640] INFO TuniMaqam app started
[2026-01-02 15:44:19,640] INFO TuniMaqam app started
[2026-01-02 15:44:19,853] INFO TuniMaqam app started
[2026-01-02 15:44:19,853] INFO TuniMaqam app started
[2026-01-02 15:44:19,853] INFO TuniMaqam app started
[2026-01-02 15:44:19,853] INFO TuniMaqam app started
[2026-01-02 15:44:19,853] INFO TuniMaqam app started
[2026-01-02 15:44:19,853] INFO TuniMaqam app started
[2026-01-02 15:44:19,853] INFO TuniMaqam app started
[2026-01-02 15:44:55,434] INFO TuniMaqam app started
[2026-01-02 15:46:28,287] INFO TuniMaqam app started
[2026-01-02 15:46:28,312] INFO TuniMaqam app started
[2026-01-02 15:46:28,312] INFO TuniMaqam app started
[2026-01-02 15:46:28,595] INFO TuniMaqam app started
[2026-01-02 15:46:28,595] INFO TuniMaqam app started
[2026-01-02 15:46:28,595] INFO TuniMaqam app started
[2026-01-02 15:46:28,839] INFO TuniMaqam app started
[2026-01-02 15:46:28,839] INFO TuniMaqam app started
[2026-01-02 15:46:28,839] INFO TuniMaqam app started
[2026-01-02 15:46:28,839] INFO TuniMaqam app started
[2026-01-02 15:46:29,084] INFO TuniMaqam app started
[2026-01-02 15:46:29,084] INFO TuniMaqam app started
[2026-01-02 15:46:29,084] INFO TuniMaqam app started
[2026-01-02 15:46:29,084] INFO TuniMaqam app started
[2026-01-02 15:46:29,084] INFO TuniMaqam app started
[2026-01-02 15:46:29,307] INFO TuniMaqam app started
[2026-01-02 15:46:29,307] INFO TuniMaqam app started
[2026-01-02 15:46:29,307] INFO TuniMaqam app started
[2026-01-02 15:46:29,307] INFO TuniMaqam app started
[2026-01-02 15:46:29,307] INFO TuniMaqam app started
[2026-01-02 15:46:29,307] INFO TuniMaqam app started
[2026-01-02 15:46:29,548] INFO TuniMaqam app started
[2026-01-02 15:46:29,548] INFO TuniMaqam app started
[2026-01-02 15:46:29,548] INFO TuniMaqam app started
[2026-01-02 15:46:29,548] INFO TuniMaqam app started
[2026-01-02 15:46:29,548] INFO TuniMaqam app started
[2026-01-02 15:46:29,548] INFO TuniMaqam app started
[2026-01-02 15:46:29,548] INFO TuniMaqam app started
[2026-01-02 15:47:54,979] INFO TuniMaqam app started
[2026-01-02 15:49:22,275] INFO TuniMaqam app started
[2026-01-02 15:49:22,309] INFO TuniMaqam app started
[2026-01-02 15:49:22,309] INFO TuniMaqam app started
[2026-01-02 15:49:23,173] INFO TuniMaqam app started
[2026-01-02 15:49:23,173] INFO TuniMaqam app started
[2026-01-02 15:49:23,173] INFO TuniMaqam app started
[2026-01-02 15:49:23,935] INFO TuniMaqam app started
[2026-01-02 15:49:23,935] INFO TuniMaqam app started
[2026-01-02 15:49:23,935] INFO TuniMaqam app started
[2026-01-02 15:49:23,935] INFO TuniMaqam app started
[2026-01-02 15:49:24,857] INFO TuniMaqam app started
[2026-01-02 15:49:24,857] INFO TuniMaqam app started
[2026-01-02 15:49:24,857] INFO TuniMaqam app started
[2026-01-02 15:49:24,857] INFO TuniMaqam app started
[2026-01-02 15:49:24,857] INFO TuniMaqam app started
[2026-01-02 15:49:25,697] INFO TuniMaqam app started
[2026-01-02 15:49:25,697] INFO TuniMaqam app started
[2026-01-02 15:49:25,697] INFO TuniMaqam app started
[2026-01-02 15:49:25,697] INFO TuniMaqam app started
[2026-01-02 15:49:25,697] INFO TuniMaqam app started
[2026-01-02 15:49:25,697] INFO TuniMaqam app started
[2026-01-02 15:49:26,343] INFO TuniMaqam app started
[2026-01-02 15:49:26,343] INFO TuniMaqam app started
[2026-01-02 15:49:26,343] INFO TuniMaqam app started
[2026-01-02 15:49:26,343] INFO TuniMaqam app started
[2026-01-02 15:49:26,343] INFO TuniMaqam app started
[2026-01-02 15:49:26,343] INFO TuniMaqam app started
[2026-01-02 15:49:26,343] INFO TuniMaqam app started
[2026-01-02 15:49:26,628] INFO TuniMaqam app started
[2026-01-02 15:49:26,628] INFO TuniMaqam app started
[2026-01-02 15:49:26,628] INFO TuniMaqam app started
[2026-01-02 15:49:26,628] INFO TuniMaqam app started
[2026-01-02 15:49:26,628] INFO TuniMaqam app started
[2026-01-02 15:49:26,628] INFO TuniMaqam app started
[2026-01-02 15:49:26,628] INFO TuniMaqam app started
[2026-01-02 15:49:26,628] INFO TuniMaqam app started
[2026-01-02 15:49:26,851] INFO TuniMaqam app started
[2026-01-02 15:49:26,851] INFO TuniMaqam app started
[2026-01-02 15:49:26,851] INFO TuniMaqam app started
[2026-01-02 15:49:26,851] INFO TuniMaqam app started
[2026-01-02 15:49:26,851] INFO TuniMaqam app started
[2026-01-02 15:49:26,851] INFO TuniMaqam app started
[2026-01-02 15:49:26,851] INFO TuniMaqam app started
[2026-01-02 15:49:26,851] INFO TuniMaqam app started
[2026-01-02 15:49:26,851] INFO TuniMaqam app started
[2026-01-02 15:49:27,106] INFO TuniMaqam app started
[2026-01-02 15:49:27,106] INFO TuniMaqam app started
[2026-01-02 15:49:27,106] INFO TuniMaqam app started
[2026-01-02 15:49:27,106] INFO TuniMaqam app started
[2026-01-02 15:49:27,106] INFO TuniMaqam app started
[2026-01-02 15:49:27,106] INFO TuniMaqam app started
[2026-01-02 15:49:27,106] INFO TuniMaqam app started
[2026-01-02 15:49:27,106] INFO TuniMaqam app started
[2026-01-02 15:49:27,106] INFO TuniMaqam app started
[2026-01-02 15:49:27,106] INFO TuniMaqam app started
[2026-01-02 15:54:14,858] INFO TuniMaqam app started
[2026-01-02 16:18:42,257] INFO TuniMaqam app started
[2026-01-02 16:18:42,290] INFO TuniMaqam app started
[2026-01-02 16:18:42,290] INFO TuniMaqam app started
[2026-01-02 16:18:42,555] INFO TuniMaqam app started
[2026-01-02 16:18:42,555] INFO TuniMaqam app started
[2026-01-02 16:18:42,555] INFO TuniMaqam app started
[2026-01-02 16:18:42,807] INFO TuniMaqam app started
[2026-01-02 16:18:42,807] INFO TuniMaqam app started
[2026-01-02 16:18:42,807] INFO TuniMaqam app started
[2026-01-02 16:18:42,807] INFO TuniMaqam app started
[2026-01-02 16:18:43,049] INFO TuniMaqam app started
[2026-01-02 16:18:43,049] INFO TuniMaqam app started
[2026-01-02 16:18:43,049] INFO TuniMaqam app started
[2026-01-02 16:18:43,049] INFO TuniMaqam app started
[2026-01-02 16:18:43,049] INFO TuniMaqam app started
[2026-01-02 16:18:43,274] INFO TuniMaqam app started
[2026-01-02 16:18:43,274] INFO TuniMaqam app started
[2026-01-02 16:18:43,274] INFO TuniMaqam app started
[2026-01-02 16:18:43,274] INFO TuniMaqam app started
[2026-01-02 16:18:43,274] INFO TuniMaqam app started
[2026-01-02 16:18:43,274] INFO TuniMaqam app started
[2026-01-02 16:18:43,483] INFO TuniMaqam app started
[2026-01-02 16:18:43,483] INFO TuniMaqam app started
[2026-01-02 16:18:43,483] INFO TuniMaqam app started
[2026-01-02 16:18:43,483] INFO TuniMaqam app started
[2026-01-02 16:18:43,483] INFO TuniMaqam app started
[2026-01-02 16:18:43,483] INFO TuniMaqam app started
[2026-01-02 16:18:43,483] INFO TuniMaqam app started
[2026-01-02 16:18:43,704] INFO TuniMaqam app started
[2026-01-02 16:18:43,704] INFO TuniMaqam app started
[2026-01-02 16:18:43,704] INFO TuniMaqam app started
[2026-01-02 16:18:43,704] INFO TuniMaqam app started
[2026-01-02 16:18:43,704] INFO TuniMaqam app started
[2026-01-02 16:18:43,704] INFO TuniMaqam app started
[2026-01-02 16:18:43,704] INFO TuniMaqam app started
[2026-01-02 16:18:43,704] INFO TuniMaqam app started
[2026-01-02 16:18:43,922] INFO TuniMaqam app started
[2026-01-02 16:18:43,922] INFO TuniMaqam app started
[2026-01-02 16:18:43,922] INFO TuniMaqam app started
[2026-01-02 16:18:43,922] INFO TuniMaqam app started
[2026-01-02 16:18:43,922] INFO TuniMaqam app started
[2026-01-02 16:18:43,922] INFO TuniMaqam app started
[2026-01-02 16:18:43,922] INFO TuniMaqam app started
[2026-01-02 16:18:43,922] INFO TuniMaqam app started
[2026-01-02 16:18:43,922] INFO TuniMaqam app started
[2026-01-02 16:18:44,166] INFO TuniMaqam app started
[2026-01-02 16:18:44,166] INFO TuniMaqam app started
[2026-01-02 16:18:44,166] INFO TuniMaqam app started
[2026-01-02 16:18:44,166] INFO TuniMaqam app started
[2026-01-02 16:18:44,166] INFO TuniMaqam app started
[2026-01-02 16:18:44,166] INFO TuniMaqam app started
[2026-01-02 16:18:44,166] INFO TuniMaqam app started
[2026-01-02 16:18:44,166] INFO TuniMaqam app started
[2026-01-02 16:18:44,166] INFO TuniMaqam app started
[2026-01-02 16:18:44,166] INFO TuniMaqam app started
[2026-01-02 16:20:51,745] INFO TuniMaqam app started
[2026-01-02 16:20:55,312] INFO TuniMaqam app started
[2026-01-02 16:23:27,965] INFO TuniMaqam app started
[2026-01-02 16:24:07,484] INFO TuniMaqam app started
[2026-01-02 16:25:04,487] INFO TuniMaqam app started
[2026-01-02 17:01:58,002] INFO TuniMaqam app started
[2026-01-02 17:06:19,197] INFO TuniMaqam app started
[2026-01-02 17:46:17,375] INFO TuniMaqam app started
[2026-01-02 17:54:33,669] INFO TuniMaqam app started
[2026-01-02 17:54:36,552] INFO TuniMaqam app started
[2026-01-02 18:10:11,329] INFO TuniMaqam app started
[2026-01-02 18:10:12,845] INFO TuniMaqam app started
[2026-01-02 18:18:47,838] INFO TuniMaqam app started
[2026-01-02 18:19:43,072] INFO TuniMaqam app started
[2026-01-02 18:20:32,537] INFO TuniMaqam app started
[2026-01-02 18:21:37,520] INFO TuniMaqam app started
[2026-01-02 18:22:27,773] INFO TuniMaqam app started
[2026-01-02 18:23:34,721] INFO TuniMaqam app started
[2026-01-02 18:46:30,519] INFO TuniMaqam app started
[2026-01-02 19:02:25,959] INFO TuniMaqam app started
[2026-01-03 13:09:13,945] INFO TuniMaqam app started
[2026-01-03 13:09:16,035] INFO TuniMaqam app started
[2026-01-03 13:12:51,634] INFO TuniMaqam app started
[2026-01-03 13:13:00,752] INFO TuniMaqam app started
[2026-01-03 13:16:13,744] INFO TuniMaqam app started
[2026-01-03 13:18:15,026] INFO TuniMaqam app started
[2026-01-03 13:18:55,813] INFO TuniMaqam app started
[2026-01-03 14:24:08,917] INFO TuniMaqam app started
[2026-01-03 14:24:24,162] INFO TuniMaqam app started
[2026-01-03 14:29:01,893] INFO TuniMaqam app started
[2026-01-03 14:33:56,845] INFO TuniMaqam app started
[2026-01-03 14:33:56,864] INFO TuniMaqam app started
[2026-01-03 14:33:56,864] INFO TuniMaqam app started
[2026-01-03 14:35:48,291] INFO TuniMaqam app started
[2026-01-03 14:35:48,307] INFO TuniMaqam app started
[2026-01-03 14:35:48,307] INFO TuniMaqam app started
[2026-01-03 14:35:59,226] INFO TuniMaqam app started
[2026-01-03 14:36:00,296] INFO TuniMaqam app started
[2026-01-03 16:39:26,080] INFO TuniMaqam app started
[2026-01-03 16:39:59,408] INFO TuniMaqam app started
[2026-01-03 16:40:11,366] INFO TuniMaqam app started
[2026-01-03 16:40:52,547] INFO TuniMaqam app started
[2026-01-03 16:41:37,331] INFO TuniMaqam app started
[2026-01-03 16:41:53,227] INFO TuniMaqam app started
[2026-01-03 16:42:24,206] INFO TuniMaqam app started
[2026-01-03 16:43:41,329] INFO TuniMaqam app started
[2026-01-03 16:44:14,890] INFO TuniMaqam app started
[2026-01-03 16:47:44,003] INFO TuniMaqam app started
[2026-01-03 16:47:55,590] INFO TuniMaqam app started
[2026-01-03 16:47:55,746] ERROR Exception on /status [GET]
Traceback (most recent call last):
  File "C:\Users\R I B\Documents\TuniMaqam\venv\Lib\site-packages\sqlalchemy\engine\base.py", line 1967, in _exec_single_context
    self.dialect.do_execute(
    ~~~~~~~~~~~~~~~~~~~~~~~^
        cursor, str_statement, effective_parameters, context
        ^^^^^^^^^^^^^^^^^^^^^^^^^^^^^^^^^^^^^^^^^^^^^^^^^^^^
    )
    ^
  File "C:\Users\R I B\Documents\TuniMaqam\venv\Lib\site-packages\sqlalchemy\engine\default.py", line 952, in do_execute
    cursor.execute(statement, parameters)
    ~~~~~~~~~~~~~~^^^^^^^^^^^^^^^^^^^^^^^
sqlite3.OperationalError: no such column: maqam_contribution.reviewed_by

The above exception was the direct cause of the following exception:

Traceback (most recent call last):
  File "C:\Users\R I B\Documents\TuniMaqam\venv\Lib\site-packages\flask\app.py", line 1511, in wsgi_app
    response = self.full_dispatch_request()
  File "C:\Users\R I B\Documents\TuniMaqam\venv\Lib\site-packages\flask\app.py", line 919, in full_dispatch_request
    rv = self.handle_user_exception(e)
  File "C:\Users\R I B\Documents\TuniMaqam\venv\Lib\site-packages\flask_cors\extension.py", line 176, in wrapped_function
    return cors_after_request(app.make_response(f(*args, **kwargs)))
                                                ~^^^^^^^^^^^^^^^^^
  File "C:\Users\R I B\Documents\TuniMaqam\venv\Lib\site-packages\flask\app.py", line 917, in full_dispatch_request
    rv = self.dispatch_request()
  File "C:\Users\R I B\Documents\TuniMaqam\venv\Lib\site-packages\flask\app.py", line 902, in dispatch_request
    return self.ensure_sync(self.view_functions[rule.endpoint])(**view_args)  # type: ignore[no-any-return]
           ~~~~~~~~~~~~~~~~~~~~~~~~~~~~~~~~~~~~~~~~~~~~~~~~~~~~^^^^^^^^^^^^^
  File "C:\Users\R I B\Documents\TuniMaqam\app_new.py", line 133, in status
    contributions_count = MaqamContribution.query.count()
  File "C:\Users\R I B\Documents\TuniMaqam\venv\Lib\site-packages\sqlalchemy\orm\query.py", line 3146, in count
    self._legacy_from_self(col).enable_eagerloads(False).scalar()
    ~~~~~~~~~~~~~~~~~~~~~~~~~~~~~~~~~~~~~~~~~~~~~~~~~~~~~~~~~~~^^
  File "C:\Users\R I B\Documents\TuniMaqam\venv\Lib\site-packages\sqlalchemy\orm\query.py", line 2835, in scalar
    ret = self.one()
  File "C:\Users\R I B\Documents\TuniMaqam\venv\Lib\site-packages\sqlalchemy\orm\query.py", line 2808, in one
    return self._iter().one()  # type: ignore
           ~~~~~~~~~~^^
  File "C:\Users\R I B\Documents\TuniMaqam\venv\Lib\site-packages\sqlalchemy\orm\query.py", line 2857, in _iter
    result: Union[ScalarResult[_T], Result[_T]] = self.session.execute(
                                                  ~~~~~~~~~~~~~~~~~~~~^
        statement,
        ^^^^^^^^^^
        params,
        ^^^^^^^
        execution_options={"_sa_orm_load_options": self.load_options},
        ^^^^^^^^^^^^^^^^^^^^^^^^^^^^^^^^^^^^^^^^^^^^^^^^^^^^^^^^^^^^^^
    )
    ^
  File "C:\Users\R I B\Documents\TuniMaqam\venv\Lib\site-packages\sqlalchemy\orm\session.py", line 2351, in execute
    return self._execute_internal(
           ~~~~~~~~~~~~~~~~~~~~~~^
        statement,
        ^^^^^^^^^^
    ...<4 lines>...
        _add_event=_add_event,
        ^^^^^^^^^^^^^^^^^^^^^^
    )
    ^
  File "C:\Users\R I B\Documents\TuniMaqam\venv\Lib\site-packages\sqlalchemy\orm\session.py", line 2249, in _execute_internal
    result: Result[Any] = compile_state_cls.orm_execute_statement(
                          ~~~~~~~~~~~~~~~~~~~~~~~~~~~~~~~~~~~~~~~^
        self,
        ^^^^^
    ...<4 lines>...
        conn,
        ^^^^^
    )
    ^
  File "C:\Users\R I B\Documents\TuniMaqam\venv\Lib\site-packages\sqlalchemy\orm\context.py", line 306, in orm_execute_statement
    result = conn.execute(
        statement, params or {}, execution_options=execution_options
    )
  File "C:\Users\R I B\Documents\TuniMaqam\venv\Lib\site-packages\sqlalchemy\engine\base.py", line 1419, in execute
    return meth(
        self,
        distilled_parameters,
        execution_options or NO_OPTIONS,
    )
  File "C:\Users\R I B\Documents\TuniMaqam\venv\Lib\site-packages\sqlalchemy\sql\elements.py", line 527, in _execute_on_connection
    return connection._execute_clauseelement(
           ~~~~~~~~~~~~~~~~~~~~~~~~~~~~~~~~~^
        self, distilled_params, execution_options
        ^^^^^^^^^^^^^^^^^^^^^^^^^^^^^^^^^^^^^^^^^
    )
    ^
  File "C:\Users\R I B\Documents\TuniMaqam\venv\Lib\site-packages\sqlalchemy\engine\base.py", line 1641, in _execute_clauseelement
    ret = self._execute_context(
        dialect,
    ...<8 lines>...
        cache_hit=cache_hit,
    )
  File "C:\Users\R I B\Documents\TuniMaqam\venv\Lib\site-packages\sqlalchemy\engine\base.py", line 1846, in _execute_context
    return self._exec_single_context(
           ~~~~~~~~~~~~~~~~~~~~~~~~~^
        dialect, context, statement, parameters
        ^^^^^^^^^^^^^^^^^^^^^^^^^^^^^^^^^^^^^^^
    )
    ^
  File "C:\Users\R I B\Documents\TuniMaqam\venv\Lib\site-packages\sqlalchemy\engine\base.py", line 1986, in _exec_single_context
    self._handle_dbapi_exception(
    ~~~~~~~~~~~~~~~~~~~~~~~~~~~~^
        e, str_statement, effective_parameters, cursor, context
        ^^^^^^^^^^^^^^^^^^^^^^^^^^^^^^^^^^^^^^^^^^^^^^^^^^^^^^^
    )
    ^
  File "C:\Users\R I B\Documents\TuniMaqam\venv\Lib\site-packages\sqlalchemy\engine\base.py", line 2363, in _handle_dbapi_exception
    raise sqlalchemy_exception.with_traceback(exc_info[2]) from e
  File "C:\Users\R I B\Documents\TuniMaqam\venv\Lib\site-packages\sqlalchemy\engine\base.py", line 1967, in _exec_single_context
    self.dialect.do_execute(
    ~~~~~~~~~~~~~~~~~~~~~~~^
        cursor, str_statement, effective_parameters, context
        ^^^^^^^^^^^^^^^^^^^^^^^^^^^^^^^^^^^^^^^^^^^^^^^^^^^^
    )
    ^
  File "C:\Users\R I B\Documents\TuniMaqam\venv\Lib\site-packages\sqlalchemy\engine\default.py", line 952, in do_execute
    cursor.execute(statement, parameters)
    ~~~~~~~~~~~~~~^^^^^^^^^^^^^^^^^^^^^^^
sqlalchemy.exc.OperationalError: (sqlite3.OperationalError) no such column: maqam_contribution.reviewed_by
[SQL: SELECT count(*) AS count_1 
FROM (SELECT maqam_contribution.id AS maqam_contribution_id, maqam_contribution.maqam_id AS maqam_contribution_maqam_id, maqam_contribution.maqam_name AS maqam_contribution_maqam_name, maqam_contribution.type AS maqam_contribution_type, maqam_contribution.payload_json AS maqam_contribution_payload_json, maqam_contribution.status AS maqam_contribution_status, maqam_contribution.contributor_id AS maqam_contribution_contributor_id, maqam_contribution.contributor_score AS maqam_contribution_contributor_score, maqam_contribution.reviewed_by AS maqam_contribution_reviewed_by, maqam_contribution.review_notes AS maqam_contribution_review_notes, maqam_contribution.created_at AS maqam_contribution_created_at, maqam_contribution.reviewed_at AS maqam_contribution_reviewed_at 
FROM maqam_contribution) AS anon_1]
(Background on this error at: https://sqlalche.me/e/20/e3q8)
[2026-01-03 16:48:10,030] INFO TuniMaqam app started
[2026-01-03 16:48:22,764] INFO TuniMaqam app started
[2026-01-03 16:48:22,792] INFO TuniMaqam app started
[2026-01-03 16:48:22,792] INFO TuniMaqam app started
[2026-01-03 16:48:23,068] INFO TuniMaqam app started
[2026-01-03 16:48:23,068] INFO TuniMaqam app started
[2026-01-03 16:48:23,068] INFO TuniMaqam app started
[2026-01-03 16:48:23,309] INFO TuniMaqam app started
[2026-01-03 16:48:23,309] INFO TuniMaqam app started
[2026-01-03 16:48:23,309] INFO TuniMaqam app started
[2026-01-03 16:48:23,309] INFO TuniMaqam app started
[2026-01-03 16:48:23,528] INFO TuniMaqam app started
[2026-01-03 16:48:23,528] INFO TuniMaqam app started
[2026-01-03 16:48:23,528] INFO TuniMaqam app started
[2026-01-03 16:48:23,528] INFO TuniMaqam app started
[2026-01-03 16:48:23,528] INFO TuniMaqam app started
[2026-01-03 16:48:23,745] INFO TuniMaqam app started
[2026-01-03 16:48:23,745] INFO TuniMaqam app started
[2026-01-03 16:48:23,745] INFO TuniMaqam app started
[2026-01-03 16:48:23,745] INFO TuniMaqam app started
[2026-01-03 16:48:23,745] INFO TuniMaqam app started
[2026-01-03 16:48:23,745] INFO TuniMaqam app started
[2026-01-03 16:48:23,935] INFO TuniMaqam app started
[2026-01-03 16:48:23,935] INFO TuniMaqam app started
[2026-01-03 16:48:23,935] INFO TuniMaqam app started
[2026-01-03 16:48:23,935] INFO TuniMaqam app started
[2026-01-03 16:48:23,935] INFO TuniMaqam app started
[2026-01-03 16:48:23,935] INFO TuniMaqam app started
[2026-01-03 16:48:23,935] INFO TuniMaqam app started
[2026-01-03 16:48:24,125] INFO TuniMaqam app started
[2026-01-03 16:48:24,125] INFO TuniMaqam app started
[2026-01-03 16:48:24,125] INFO TuniMaqam app started
[2026-01-03 16:48:24,125] INFO TuniMaqam app started
[2026-01-03 16:48:24,125] INFO TuniMaqam app started
[2026-01-03 16:48:24,125] INFO TuniMaqam app started
[2026-01-03 16:48:24,125] INFO TuniMaqam app started
[2026-01-03 16:48:24,125] INFO TuniMaqam app started
[2026-01-03 16:48:24,313] INFO TuniMaqam app started
[2026-01-03 16:48:24,313] INFO TuniMaqam app started
[2026-01-03 16:48:24,313] INFO TuniMaqam app started
[2026-01-03 16:48:24,313] INFO TuniMaqam app started
[2026-01-03 16:48:24,313] INFO TuniMaqam app started
[2026-01-03 16:48:24,313] INFO TuniMaqam app started
[2026-01-03 16:48:24,313] INFO TuniMaqam app started
[2026-01-03 16:48:24,313] INFO TuniMaqam app started
[2026-01-03 16:48:24,313] INFO TuniMaqam app started
[2026-01-03 16:48:24,533] INFO TuniMaqam app started
[2026-01-03 16:48:24,533] INFO TuniMaqam app started
[2026-01-03 16:48:24,533] INFO TuniMaqam app started
[2026-01-03 16:48:24,533] INFO TuniMaqam app started
[2026-01-03 16:48:24,533] INFO TuniMaqam app started
[2026-01-03 16:48:24,533] INFO TuniMaqam app started
[2026-01-03 16:48:24,533] INFO TuniMaqam app started
[2026-01-03 16:48:24,533] INFO TuniMaqam app started
[2026-01-03 16:48:24,533] INFO TuniMaqam app started
[2026-01-03 16:48:24,533] INFO TuniMaqam app started
[2026-01-03 16:48:41,488] INFO TuniMaqam app started
[2026-01-03 16:48:49,843] INFO TuniMaqam app started
[2026-01-03 16:48:49,890] INFO TuniMaqam app started
[2026-01-03 16:48:49,890] INFO TuniMaqam app started
[2026-01-03 16:48:50,613] INFO TuniMaqam app started
[2026-01-03 16:48:50,613] INFO TuniMaqam app started
[2026-01-03 16:48:50,613] INFO TuniMaqam app started
[2026-01-03 16:48:51,331] INFO TuniMaqam app started
[2026-01-03 16:48:51,331] INFO TuniMaqam app started
[2026-01-03 16:48:51,331] INFO TuniMaqam app started
[2026-01-03 16:48:51,331] INFO TuniMaqam app started
[2026-01-03 16:48:52,036] INFO TuniMaqam app started
[2026-01-03 16:48:52,036] INFO TuniMaqam app started
[2026-01-03 16:48:52,036] INFO TuniMaqam app started
[2026-01-03 16:48:52,036] INFO TuniMaqam app started
[2026-01-03 16:48:52,036] INFO TuniMaqam app started
[2026-01-03 16:48:52,907] INFO TuniMaqam app started
[2026-01-03 16:48:52,907] INFO TuniMaqam app started
[2026-01-03 16:48:52,907] INFO TuniMaqam app started
[2026-01-03 16:48:52,907] INFO TuniMaqam app started
[2026-01-03 16:48:52,907] INFO TuniMaqam app started
[2026-01-03 16:48:52,907] INFO TuniMaqam app started
[2026-01-03 16:48:53,503] INFO TuniMaqam app started
[2026-01-03 16:48:53,503] INFO TuniMaqam app started
[2026-01-03 16:48:53,503] INFO TuniMaqam app started
[2026-01-03 16:48:53,503] INFO TuniMaqam app started
[2026-01-03 16:48:53,503] INFO TuniMaqam app started
[2026-01-03 16:48:53,503] INFO TuniMaqam app started
[2026-01-03 16:48:53,503] INFO TuniMaqam app started
[2026-01-03 16:48:54,024] INFO TuniMaqam app started
[2026-01-03 16:48:54,024] INFO TuniMaqam app started
[2026-01-03 16:48:54,024] INFO TuniMaqam app started
[2026-01-03 16:48:54,024] INFO TuniMaqam app started
[2026-01-03 16:48:54,024] INFO TuniMaqam app started
[2026-01-03 16:48:54,024] INFO TuniMaqam app started
[2026-01-03 16:48:54,024] INFO TuniMaqam app started
[2026-01-03 16:48:54,024] INFO TuniMaqam app started
[2026-01-03 16:48:54,368] INFO TuniMaqam app started
[2026-01-03 16:48:54,368] INFO TuniMaqam app started
[2026-01-03 16:48:54,368] INFO TuniMaqam app started
[2026-01-03 16:48:54,368] INFO TuniMaqam app started
[2026-01-03 16:48:54,368] INFO TuniMaqam app started
[2026-01-03 16:48:54,368] INFO TuniMaqam app started
[2026-01-03 16:48:54,368] INFO TuniMaqam app started
[2026-01-03 16:48:54,368] INFO TuniMaqam app started
[2026-01-03 16:48:54,368] INFO TuniMaqam app started
[2026-01-03 16:48:54,626] INFO TuniMaqam app started
[2026-01-03 16:48:54,626] INFO TuniMaqam app started
[2026-01-03 16:48:54,626] INFO TuniMaqam app started
[2026-01-03 16:48:54,626] INFO TuniMaqam app started
[2026-01-03 16:48:54,626] INFO TuniMaqam app started
[2026-01-03 16:48:54,626] INFO TuniMaqam app started
[2026-01-03 16:48:54,626] INFO TuniMaqam app started
[2026-01-03 16:48:54,626] INFO TuniMaqam app started
[2026-01-03 16:48:54,626] INFO TuniMaqam app started
[2026-01-03 16:48:54,626] INFO TuniMaqam app started
[2026-01-03 16:52:09,525] INFO TuniMaqam app started
[2026-01-03 16:52:10,915] INFO TuniMaqam app started
[2026-01-03 17:07:16,550] INFO TuniMaqam app started
[2026-01-03 17:11:50,479] INFO TuniMaqam app started
[2026-01-03 17:17:35,390] INFO TuniMaqam app started
[2026-01-03 17:17:35,495] INFO TuniMaqam app started
[2026-01-03 17:17:35,495] INFO TuniMaqam app started
[2026-01-03 17:17:35,894] INFO TuniMaqam app started
[2026-01-03 17:17:35,894] INFO TuniMaqam app started
[2026-01-03 17:17:35,894] INFO TuniMaqam app started
[2026-01-03 17:17:36,175] INFO TuniMaqam app started
[2026-01-03 17:17:36,175] INFO TuniMaqam app started
[2026-01-03 17:17:36,175] INFO TuniMaqam app started
[2026-01-03 17:17:36,175] INFO TuniMaqam app started
[2026-01-03 17:17:36,476] INFO TuniMaqam app started
[2026-01-03 17:17:36,476] INFO TuniMaqam app started
[2026-01-03 17:17:36,476] INFO TuniMaqam app started
[2026-01-03 17:17:36,476] INFO TuniMaqam app started
[2026-01-03 17:17:36,476] INFO TuniMaqam app started
[2026-01-03 17:17:36,772] INFO TuniMaqam app started
[2026-01-03 17:17:36,772] INFO TuniMaqam app started
[2026-01-03 17:17:36,772] INFO TuniMaqam app started
[2026-01-03 17:17:36,772] INFO TuniMaqam app started
[2026-01-03 17:17:36,772] INFO TuniMaqam app started
[2026-01-03 17:17:36,772] INFO TuniMaqam app started
[2026-01-03 17:17:37,012] INFO TuniMaqam app started
[2026-01-03 17:17:37,012] INFO TuniMaqam app started
[2026-01-03 17:17:37,012] INFO TuniMaqam app started
[2026-01-03 17:17:37,012] INFO TuniMaqam app started
[2026-01-03 17:17:37,012] INFO TuniMaqam app started
[2026-01-03 17:17:37,012] INFO TuniMaqam app started
[2026-01-03 17:17:37,012] INFO TuniMaqam app started
[2026-01-03 17:17:37,231] INFO TuniMaqam app started
[2026-01-03 17:17:37,231] INFO TuniMaqam app started
[2026-01-03 17:17:37,231] INFO TuniMaqam app started
[2026-01-03 17:17:37,231] INFO TuniMaqam app started
[2026-01-03 17:17:37,231] INFO TuniMaqam app started
[2026-01-03 17:17:37,231] INFO TuniMaqam app started
[2026-01-03 17:17:37,231] INFO TuniMaqam app started
[2026-01-03 17:17:37,231] INFO TuniMaqam app started
[2026-01-03 17:17:37,449] INFO TuniMaqam app started
[2026-01-03 17:17:37,449] INFO TuniMaqam app started
[2026-01-03 17:17:37,449] INFO TuniMaqam app started
[2026-01-03 17:17:37,449] INFO TuniMaqam app started
[2026-01-03 17:17:37,449] INFO TuniMaqam app started
[2026-01-03 17:17:37,449] INFO TuniMaqam app started
[2026-01-03 17:17:37,449] INFO TuniMaqam app started
[2026-01-03 17:17:37,449] INFO TuniMaqam app started
[2026-01-03 17:17:37,449] INFO TuniMaqam app started
[2026-01-03 17:17:37,699] INFO TuniMaqam app started
[2026-01-03 17:17:37,699] INFO TuniMaqam app started
[2026-01-03 17:17:37,699] INFO TuniMaqam app started
[2026-01-03 17:17:37,699] INFO TuniMaqam app started
[2026-01-03 17:17:37,699] INFO TuniMaqam app started
[2026-01-03 17:17:37,699] INFO TuniMaqam app started
[2026-01-03 17:17:37,699] INFO TuniMaqam app started
[2026-01-03 17:17:37,699] INFO TuniMaqam app started
[2026-01-03 17:17:37,699] INFO TuniMaqam app started
[2026-01-03 17:17:37,699] INFO TuniMaqam app started
[2026-01-03 17:19:21,829] INFO TuniMaqam app started
[2026-01-03 17:19:26,169] INFO TuniMaqam app started
[2026-01-03 17:19:28,412] INFO TuniMaqam app started
[2026-01-03 17:37:54,670] INFO TuniMaqam app started
[2026-01-03 17:45:15,265] INFO TuniMaqam app started
[2026-01-03 17:53:51,973] INFO TuniMaqam app started
[2026-01-03 17:57:56,164] INFO TuniMaqam app started
[2026-01-03 17:57:56,197] INFO TuniMaqam app started
[2026-01-03 17:57:56,197] INFO TuniMaqam app started
[2026-01-03 17:57:56,467] INFO TuniMaqam app started
[2026-01-03 17:57:56,467] INFO TuniMaqam app started
[2026-01-03 17:57:56,467] INFO TuniMaqam app started
[2026-01-03 17:57:56,706] INFO TuniMaqam app started
[2026-01-03 17:57:56,706] INFO TuniMaqam app started
[2026-01-03 17:57:56,706] INFO TuniMaqam app started
[2026-01-03 17:57:56,706] INFO TuniMaqam app started
[2026-01-03 17:57:56,929] INFO TuniMaqam app started
[2026-01-03 17:57:56,929] INFO TuniMaqam app started
[2026-01-03 17:57:56,929] INFO TuniMaqam app started
[2026-01-03 17:57:56,929] INFO TuniMaqam app started
[2026-01-03 17:57:56,929] INFO TuniMaqam app started
[2026-01-03 17:57:57,135] INFO TuniMaqam app started
[2026-01-03 17:57:57,135] INFO TuniMaqam app started
[2026-01-03 17:57:57,135] INFO TuniMaqam app started
[2026-01-03 17:57:57,135] INFO TuniMaqam app started
[2026-01-03 17:57:57,135] INFO TuniMaqam app started
[2026-01-03 17:57:57,135] INFO TuniMaqam app started
[2026-01-03 17:57:57,329] INFO TuniMaqam app started
[2026-01-03 17:57:57,329] INFO TuniMaqam app started
[2026-01-03 17:57:57,329] INFO TuniMaqam app started
[2026-01-03 17:57:57,329] INFO TuniMaqam app started
[2026-01-03 17:57:57,329] INFO TuniMaqam app started
[2026-01-03 17:57:57,329] INFO TuniMaqam app started
[2026-01-03 17:57:57,329] INFO TuniMaqam app started
[2026-01-03 17:57:57,530] INFO TuniMaqam app started
[2026-01-03 17:57:57,530] INFO TuniMaqam app started
[2026-01-03 17:57:57,530] INFO TuniMaqam app started
[2026-01-03 17:57:57,530] INFO TuniMaqam app started
[2026-01-03 17:57:57,530] INFO TuniMaqam app started
[2026-01-03 17:57:57,530] INFO TuniMaqam app started
[2026-01-03 17:57:57,530] INFO TuniMaqam app started
[2026-01-03 17:57:57,530] INFO TuniMaqam app started
[2026-01-03 17:57:57,733] INFO TuniMaqam app started
[2026-01-03 17:57:57,733] INFO TuniMaqam app started
[2026-01-03 17:57:57,733] INFO TuniMaqam app started
[2026-01-03 17:57:57,733] INFO TuniMaqam app started
[2026-01-03 17:57:57,733] INFO TuniMaqam app started
[2026-01-03 17:57:57,733] INFO TuniMaqam app started
[2026-01-03 17:57:57,733] INFO TuniMaqam app started
[2026-01-03 17:57:57,733] INFO TuniMaqam app started
[2026-01-03 17:57:57,733] INFO TuniMaqam app started
[2026-01-03 17:57:57,949] INFO TuniMaqam app started
[2026-01-03 17:57:57,949] INFO TuniMaqam app started
[2026-01-03 17:57:57,949] INFO TuniMaqam app started
[2026-01-03 17:57:57,949] INFO TuniMaqam app started
[2026-01-03 17:57:57,949] INFO TuniMaqam app started
[2026-01-03 17:57:57,949] INFO TuniMaqam app started
[2026-01-03 17:57:57,949] INFO TuniMaqam app started
[2026-01-03 17:57:57,949] INFO TuniMaqam app started
[2026-01-03 17:57:57,949] INFO TuniMaqam app started
[2026-01-03 17:57:57,949] INFO TuniMaqam app started
[2026-01-03 18:00:44,941] INFO TuniMaqam app started
[2026-01-03 18:12:59,942] INFO TuniMaqam app started
[2026-01-03 18:13:00,991] INFO TuniMaqam app started
[2026-01-03 18:16:52,199] INFO TuniMaqam app started
[2026-01-03 18:16:55,134] INFO TuniMaqam app started
[2026-01-03 18:38:17,288] INFO TuniMaqam app started
[2026-01-03 18:38:18,754] INFO TuniMaqam app started
[2026-01-03 18:51:10,537] INFO TuniMaqam app started
[2026-01-03 18:52:49,577] INFO TuniMaqam app started
[2026-01-03 19:11:21,797] INFO TuniMaqam app started
[2026-01-03 19:11:21,815] INFO TuniMaqam app started
[2026-01-03 19:11:21,815] INFO TuniMaqam app started
[2026-01-03 19:15:28,623] INFO TuniMaqam app started
[2026-01-03 19:20:45,565] INFO TuniMaqam app started
[2026-01-03 19:20:45,598] INFO TuniMaqam app started
[2026-01-03 19:20:45,598] INFO TuniMaqam app started
[2026-01-03 19:26:51,431] INFO TuniMaqam app started
[2026-01-03 19:39:11,361] INFO TuniMaqam app started
[2026-01-03 19:39:15,800] INFO TuniMaqam app started
[2026-01-03 20:42:36,809] INFO TuniMaqam app started
[2026-01-03 20:42:37,908] INFO TuniMaqam app started
[2026-01-03 20:55:49,707] INFO TuniMaqam app started
[2026-01-03 20:55:50,712] INFO TuniMaqam app started
[2026-01-03 22:20:37,968] INFO TuniMaqam app started
[2026-01-03 22:20:39,048] INFO TuniMaqam app started
[2026-01-04 17:21:11,618] INFO TuniMaqam app started
[2026-01-04 17:21:13,936] INFO TuniMaqam app started
[2026-01-04 17:21:36,171] INFO TuniMaqam app started
[2026-01-04 17:21:36,186] INFO TuniMaqam app started
[2026-01-04 17:21:36,186] INFO TuniMaqam app started
[2026-01-04 17:21:40,604] INFO TuniMaqam app started
[2026-01-04 17:21:41,929] INFO TuniMaqam app started
[2026-01-04 20:48:55,297] INFO TuniMaqam app started
[2026-01-04 20:48:57,222] INFO TuniMaqam app started
[2026-01-04 21:00:05,129] INFO TuniMaqam app started
[2026-01-04 21:00:05,968] INFO TuniMaqam app started
[2026-01-04 21:01:32,818] INFO TuniMaqam app started
[2026-01-04 21:11:06,327] INFO TuniMaqam app started
[2026-01-04 21:11:07,157] INFO TuniMaqam app started
[2026-01-04 21:14:17,827] INFO TuniMaqam app started
[2026-01-04 21:18:40,474] INFO TuniMaqam app started
[2026-01-04 21:18:42,009] INFO TuniMaqam app started
[2026-01-04 21:25:46,753] INFO TuniMaqam app started
[2026-01-04 21:29:35,562] INFO TuniMaqam app started
[2026-01-04 21:29:36,646] INFO TuniMaqam app started
[2026-01-04 21:43:23,685] INFO TuniMaqam app started
[2026-01-04 21:43:24,941] INFO TuniMaqam app started
[2026-01-04 21:43:58,791] INFO TuniMaqam app started
[2026-01-04 21:44:19,932] INFO TuniMaqam app started
[2026-01-04 21:44:22,060] INFO TuniMaqam app started
[2026-01-04 21:47:35,354] INFO TuniMaqam app started
[2026-01-04 21:47:47,854] INFO TuniMaqam app started
[2026-01-04 21:47:47,874] INFO TuniMaqam app started
[2026-01-04 21:47:47,874] INFO TuniMaqam app started
[2026-01-04 21:49:27,755] INFO TuniMaqam app started
[2026-01-04 21:49:28,964] INFO TuniMaqam app started
[2026-01-04 22:28:40,069] INFO TuniMaqam app started
[2026-01-04 22:28:41,297] INFO TuniMaqam app started
[2026-01-04 22:34:19,330] INFO TuniMaqam app started
[2026-01-04 22:37:25,013] INFO TuniMaqam app started
[2026-01-04 22:37:26,381] INFO TuniMaqam app started
[2026-01-04 22:44:28,542] INFO TuniMaqam app started
[2026-01-04 22:44:34,417] INFO TuniMaqam app started
[2026-01-04 22:59:02,307] INFO TuniMaqam app started
[2026-01-04 22:59:03,545] INFO TuniMaqam app started
[2026-01-04 23:12:52,169] INFO TuniMaqam app started
[2026-01-04 23:12:53,230] INFO TuniMaqam app started
[2026-01-04 23:17:11,161] INFO TuniMaqam app started
[2026-01-04 23:17:11,184] INFO TuniMaqam app started
[2026-01-04 23:17:11,184] INFO TuniMaqam app started
[2026-01-04 23:18:42,157] INFO TuniMaqam app started
[2026-01-04 23:18:42,173] INFO TuniMaqam app started
[2026-01-04 23:18:42,173] INFO TuniMaqam app started
[2026-01-04 23:20:38,339] INFO TuniMaqam app started
[2026-01-04 23:20:39,381] INFO TuniMaqam app started
[2026-01-04 23:27:48,387] INFO TuniMaqam app started
[2026-01-04 23:27:49,935] INFO TuniMaqam app started
[2026-01-04 23:32:50,370] INFO TuniMaqam app started
[2026-01-04 23:36:48,619] INFO TuniMaqam app started
[2026-01-04 23:53:45,363] INFO TuniMaqam app started
[2026-01-04 23:53:45,401] INFO TuniMaqam app started
[2026-01-04 23:53:45,401] INFO TuniMaqam app started
[2026-01-05 00:12:58,619] INFO TuniMaqam app started
[2026-01-05 00:13:00,090] INFO TuniMaqam app started
[2026-01-05 00:20:42,565] INFO TuniMaqam app started
[2026-01-05 00:20:43,917] INFO TuniMaqam app started
[2026-01-05 00:23:46,356] INFO TuniMaqam app started
[2026-01-06 14:38:25,824] INFO TuniMaqam app started
[2026-01-06 14:38:27,876] INFO TuniMaqam app started
[2026-01-06 14:57:03,459] INFO TuniMaqam app started
[2026-01-06 14:57:05,185] INFO TuniMaqam app started
[2026-01-10 11:50:00,722] INFO TuniMaqam app started
[2026-01-10 11:50:00,752] INFO TuniMaqam app started
[2026-01-10 11:50:00,752] INFO TuniMaqam app started
[2026-01-10 11:50:07,410] INFO TuniMaqam app started
[2026-01-10 11:50:08,784] INFO TuniMaqam app started
[2026-01-10 12:09:26,679] INFO TuniMaqam app started
[2026-01-10 12:09:33,972] INFO TuniMaqam app started
[2026-01-10 12:12:38,262] INFO TuniMaqam app started
[2026-01-10 12:12:39,212] INFO TuniMaqam app started
[2026-01-10 12:18:23,594] INFO TuniMaqam app started
[2026-01-10 12:21:44,431] INFO TuniMaqam app started
[2026-01-10 12:21:48,407] INFO TuniMaqam app started
[2026-01-10 12:21:51,459] INFO TuniMaqam app started
[2026-01-10 12:24:01,857] INFO TuniMaqam app started
[2026-01-10 12:24:02,724] INFO TuniMaqam app started
[2026-01-10 12:28:56,680] INFO TuniMaqam app started
[2026-01-11 00:17:49,432] INFO TuniMaqam app started
[2026-01-11 00:17:49,453] INFO TuniMaqam app started
[2026-01-11 00:17:49,453] INFO TuniMaqam app started
[2026-01-11 00:17:49,704] INFO TuniMaqam app started
[2026-01-11 00:17:49,704] INFO TuniMaqam app started
[2026-01-11 00:17:49,704] INFO TuniMaqam app started
[2026-01-11 00:17:49,941] INFO TuniMaqam app started
[2026-01-11 00:17:49,941] INFO TuniMaqam app started
[2026-01-11 00:17:49,941] INFO TuniMaqam app started
[2026-01-11 00:17:49,941] INFO TuniMaqam app started
[2026-01-11 00:17:50,427] INFO TuniMaqam app started
[2026-01-11 00:17:50,427] INFO TuniMaqam app started
[2026-01-11 00:17:50,427] INFO TuniMaqam app started
[2026-01-11 00:17:50,427] INFO TuniMaqam app started
[2026-01-11 00:17:50,427] INFO TuniMaqam app started
[2026-01-11 00:17:50,669] INFO TuniMaqam app started
[2026-01-11 00:17:50,669] INFO TuniMaqam app started
[2026-01-11 00:17:50,669] INFO TuniMaqam app started
[2026-01-11 00:17:50,669] INFO TuniMaqam app started
[2026-01-11 00:17:50,669] INFO TuniMaqam app started
[2026-01-11 00:17:50,669] INFO TuniMaqam app started
[2026-01-11 00:17:50,867] INFO TuniMaqam app started
[2026-01-11 00:17:50,867] INFO TuniMaqam app started
[2026-01-11 00:17:50,867] INFO TuniMaqam app started
[2026-01-11 00:17:50,867] INFO TuniMaqam app started
[2026-01-11 00:17:50,867] INFO TuniMaqam app started
[2026-01-11 00:17:50,867] INFO TuniMaqam app started
[2026-01-11 00:17:50,867] INFO TuniMaqam app started
[2026-01-11 00:17:51,222] INFO TuniMaqam app started
[2026-01-11 00:17:51,222] INFO TuniMaqam app started
[2026-01-11 00:17:51,222] INFO TuniMaqam app started
[2026-01-11 00:17:51,222] INFO TuniMaqam app started
[2026-01-11 00:17:51,222] INFO TuniMaqam app started
[2026-01-11 00:17:51,222] INFO TuniMaqam app started
[2026-01-11 00:17:51,222] INFO TuniMaqam app started
[2026-01-11 00:17:51,222] INFO TuniMaqam app started
[2026-01-11 00:17:51,423] INFO TuniMaqam app started
[2026-01-11 00:17:51,423] INFO TuniMaqam app started
[2026-01-11 00:17:51,423] INFO TuniMaqam app started
[2026-01-11 00:17:51,423] INFO TuniMaqam app started
[2026-01-11 00:17:51,423] INFO TuniMaqam app started
[2026-01-11 00:17:51,423] INFO TuniMaqam app started
[2026-01-11 00:17:51,423] INFO TuniMaqam app started
[2026-01-11 00:17:51,423] INFO TuniMaqam app started
[2026-01-11 00:17:51,423] INFO TuniMaqam app started
[2026-01-11 00:17:51,658] INFO TuniMaqam app started
[2026-01-11 00:17:51,658] INFO TuniMaqam app started
[2026-01-11 00:17:51,658] INFO TuniMaqam app started
[2026-01-11 00:17:51,658] INFO TuniMaqam app started
[2026-01-11 00:17:51,658] INFO TuniMaqam app started
[2026-01-11 00:17:51,658] INFO TuniMaqam app started
[2026-01-11 00:17:51,658] INFO TuniMaqam app started
[2026-01-11 00:17:51,658] INFO TuniMaqam app started
[2026-01-11 00:17:51,658] INFO TuniMaqam app started
[2026-01-11 00:17:51,658] INFO TuniMaqam app started
[2026-01-11 00:18:39,619] INFO TuniMaqam app started
[2026-01-11 00:18:39,644] INFO TuniMaqam app started
[2026-01-11 00:18:39,644] INFO TuniMaqam app started
[2026-01-11 00:18:39,884] INFO TuniMaqam app started
[2026-01-11 00:18:39,884] INFO TuniMaqam app started
[2026-01-11 00:18:39,884] INFO TuniMaqam app started
[2026-01-11 00:18:40,120] INFO TuniMaqam app started
[2026-01-11 00:18:40,120] INFO TuniMaqam app started
[2026-01-11 00:18:40,120] INFO TuniMaqam app started
[2026-01-11 00:18:40,120] INFO TuniMaqam app started
[2026-01-11 00:18:40,348] INFO TuniMaqam app started
[2026-01-11 00:18:40,348] INFO TuniMaqam app started
[2026-01-11 00:18:40,348] INFO TuniMaqam app started
[2026-01-11 00:18:40,348] INFO TuniMaqam app started
[2026-01-11 00:18:40,348] INFO TuniMaqam app started
[2026-01-11 00:18:40,562] INFO TuniMaqam app started
[2026-01-11 00:18:40,562] INFO TuniMaqam app started
[2026-01-11 00:18:40,562] INFO TuniMaqam app started
[2026-01-11 00:18:40,562] INFO TuniMaqam app started
[2026-01-11 00:18:40,562] INFO TuniMaqam app started
[2026-01-11 00:18:40,562] INFO TuniMaqam app started
[2026-01-11 00:18:40,762] INFO TuniMaqam app started
[2026-01-11 00:18:40,762] INFO TuniMaqam app started
[2026-01-11 00:18:40,762] INFO TuniMaqam app started
[2026-01-11 00:18:40,762] INFO TuniMaqam app started
[2026-01-11 00:18:40,762] INFO TuniMaqam app started
[2026-01-11 00:18:40,762] INFO TuniMaqam app started
[2026-01-11 00:18:40,762] INFO TuniMaqam app started
[2026-01-11 00:18:40,962] INFO TuniMaqam app started
[2026-01-11 00:18:40,962] INFO TuniMaqam app started
[2026-01-11 00:18:40,962] INFO TuniMaqam app started
[2026-01-11 00:18:40,962] INFO TuniMaqam app started
[2026-01-11 00:18:40,962] INFO TuniMaqam app started
[2026-01-11 00:18:40,962] INFO TuniMaqam app started
[2026-01-11 00:18:40,962] INFO TuniMaqam app started
[2026-01-11 00:18:40,962] INFO TuniMaqam app started
[2026-01-11 00:18:41,172] INFO TuniMaqam app started
[2026-01-11 00:18:41,172] INFO TuniMaqam app started
[2026-01-11 00:18:41,172] INFO TuniMaqam app started
[2026-01-11 00:18:41,172] INFO TuniMaqam app started
[2026-01-11 00:18:41,172] INFO TuniMaqam app started
[2026-01-11 00:18:41,172] INFO TuniMaqam app started
[2026-01-11 00:18:41,172] INFO TuniMaqam app started
[2026-01-11 00:18:41,172] INFO TuniMaqam app started
[2026-01-11 00:18:41,172] INFO TuniMaqam app started
[2026-01-11 00:18:41,399] INFO TuniMaqam app started
[2026-01-11 00:18:41,399] INFO TuniMaqam app started
[2026-01-11 00:18:41,399] INFO TuniMaqam app started
[2026-01-11 00:18:41,399] INFO TuniMaqam app started
[2026-01-11 00:18:41,399] INFO TuniMaqam app started
[2026-01-11 00:18:41,399] INFO TuniMaqam app started
[2026-01-11 00:18:41,399] INFO TuniMaqam app started
[2026-01-11 00:18:41,399] INFO TuniMaqam app started
[2026-01-11 00:18:41,399] INFO TuniMaqam app started
[2026-01-11 00:18:41,399] INFO TuniMaqam app started
[2026-01-11 00:21:53,432] INFO TuniMaqam app started
[2026-01-11 00:21:53,459] INFO TuniMaqam app started
[2026-01-11 00:21:53,459] INFO TuniMaqam app started
[2026-01-11 00:21:53,733] INFO TuniMaqam app started
[2026-01-11 00:21:53,733] INFO TuniMaqam app started
[2026-01-11 00:21:53,733] INFO TuniMaqam app started
[2026-01-11 00:21:54,000] INFO TuniMaqam app started
[2026-01-11 00:21:54,000] INFO TuniMaqam app started
[2026-01-11 00:21:54,000] INFO TuniMaqam app started
[2026-01-11 00:21:54,000] INFO TuniMaqam app started
[2026-01-11 00:21:54,241] INFO TuniMaqam app started
[2026-01-11 00:21:54,241] INFO TuniMaqam app started
[2026-01-11 00:21:54,241] INFO TuniMaqam app started
[2026-01-11 00:21:54,241] INFO TuniMaqam app started
[2026-01-11 00:21:54,241] INFO TuniMaqam app started
[2026-01-11 00:21:54,498] INFO TuniMaqam app started
[2026-01-11 00:21:54,498] INFO TuniMaqam app started
[2026-01-11 00:21:54,498] INFO TuniMaqam app started
[2026-01-11 00:21:54,498] INFO TuniMaqam app started
[2026-01-11 00:21:54,498] INFO TuniMaqam app started
[2026-01-11 00:21:54,498] INFO TuniMaqam app started
[2026-01-11 00:21:54,756] INFO TuniMaqam app started
[2026-01-11 00:21:54,756] INFO TuniMaqam app started
[2026-01-11 00:21:54,756] INFO TuniMaqam app started
[2026-01-11 00:21:54,756] INFO TuniMaqam app started
[2026-01-11 00:21:54,756] INFO TuniMaqam app started
[2026-01-11 00:21:54,756] INFO TuniMaqam app started
[2026-01-11 00:21:54,756] INFO TuniMaqam app started
[2026-01-11 00:21:54,981] INFO TuniMaqam app started
[2026-01-11 00:21:54,981] INFO TuniMaqam app started
[2026-01-11 00:21:54,981] INFO TuniMaqam app started
[2026-01-11 00:21:54,981] INFO TuniMaqam app started
[2026-01-11 00:21:54,981] INFO TuniMaqam app started
[2026-01-11 00:21:54,981] INFO TuniMaqam app started
[2026-01-11 00:21:54,981] INFO TuniMaqam app started
[2026-01-11 00:21:54,981] INFO TuniMaqam app started
[2026-01-11 00:21:55,208] INFO TuniMaqam app started
[2026-01-11 00:21:55,208] INFO TuniMaqam app started
[2026-01-11 00:21:55,208] INFO TuniMaqam app started
[2026-01-11 00:21:55,208] INFO TuniMaqam app started
[2026-01-11 00:21:55,208] INFO TuniMaqam app started
[2026-01-11 00:21:55,208] INFO TuniMaqam app started
[2026-01-11 00:21:55,208] INFO TuniMaqam app started
[2026-01-11 00:21:55,208] INFO TuniMaqam app started
[2026-01-11 00:21:55,208] INFO TuniMaqam app started
[2026-01-11 00:21:55,459] INFO TuniMaqam app started
[2026-01-11 00:21:55,459] INFO TuniMaqam app started
[2026-01-11 00:21:55,459] INFO TuniMaqam app started
[2026-01-11 00:21:55,459] INFO TuniMaqam app started
[2026-01-11 00:21:55,459] INFO TuniMaqam app started
[2026-01-11 00:21:55,459] INFO TuniMaqam app started
[2026-01-11 00:21:55,459] INFO TuniMaqam app started
[2026-01-11 00:21:55,459] INFO TuniMaqam app started
[2026-01-11 00:21:55,459] INFO TuniMaqam app started
[2026-01-11 00:21:55,459] INFO TuniMaqam app started
[2026-01-11 00:22:06,848] INFO TuniMaqam app started
[2026-01-11 00:22:06,872] INFO TuniMaqam app started
[2026-01-11 00:22:06,872] INFO TuniMaqam app started
